[debug] [2024-12-23T11:40:32.706Z] ----------------------------------------------------------------------
[debug] [2024-12-23T11:40:32.706Z] Command:       /Users/mdanka/.nvm/versions/node/v18.19.0/bin/node /Users/mdanka/code/github/momotabs4/node_modules/firebase-tools/lib/bin/firebase.js init
[debug] [2024-12-23T11:40:32.707Z] CLI Version:   13.29.1
[debug] [2024-12-23T11:40:32.707Z] Platform:      darwin
[debug] [2024-12-23T11:40:32.707Z] Node Version:  v18.19.0
[debug] [2024-12-23T11:40:32.708Z] Time:          Mon Dec 23 2024 12:40:32 GMT+0100 (GMT+01:00)
[debug] [2024-12-23T11:40:32.708Z] ----------------------------------------------------------------------
[debug] 
[debug] [2024-12-23T11:40:32.709Z] >>> [apiv2][query] GET https://firebase-public.firebaseio.com/cli.json [none]
[debug] [2024-12-23T11:40:32.729Z] > command requires scopes: ["email","openid","https://www.googleapis.com/auth/cloudplatformprojects.readonly","https://www.googleapis.com/auth/firebase","https://www.googleapis.com/auth/cloud-platform"]
[debug] [2024-12-23T11:40:32.729Z] > authorizing via signed-in user (miklos.danka@statelessworks.com)
[info] 
     ######## #### ########  ######## ########     ###     ######  ########
     ##        ##  ##     ## ##       ##     ##  ##   ##  ##       ##
     ######    ##  ########  ######   ########  #########  ######  ######
     ##        ##  ##    ##  ##       ##     ## ##     ##       ## ##
     ##       #### ##     ## ######## ########  ##     ##  ######  ########

You're about to initialize a Firebase project in this directory:

  /Users/mdanka/code/github/momotabs4

[debug] [2024-12-23T11:40:33.041Z] <<< [apiv2][status] GET https://firebase-public.firebaseio.com/cli.json 200
[debug] [2024-12-23T11:40:33.042Z] <<< [apiv2][body] GET https://firebase-public.firebaseio.com/cli.json {"cloudBuildErrorAfter":1594252800000,"cloudBuildWarnAfter":1590019200000,"defaultNode10After":1594252800000,"minVersion":"3.0.5","node8DeploysDisabledAfter":1613390400000,"node8RuntimeDisabledAfter":1615809600000,"node8WarnAfter":1600128000000}
